<?xml version="1.0" encoding="UTF-8"?>
<!-- Generated by org.testng.reporters.JUnitReportReporter -->
<testsuite hostname="Hassan-Ka" failures="0" tests="1" name="testNG.First_testNG" time="0.004" errors="0" timestamp="2022-11-05T13:35:48 EDT" skipped="0">
  <testcase classname="testNG.First_testNG" name="testcase" time="0.004"/>
  <system-out/>
</testsuite> <!-- testNG.First_testNG -->
