<?xml version="1.0" encoding="UTF-8"?>
<!-- Generated by org.testng.reporters.JUnitReportReporter -->
<testsuite hostname="Hassan-Ka" failures="0" tests="1" name="parameterization.Class2_parameter" time="9.030" errors="0" timestamp="2022-11-12T14:18:50 EST" skipped="0">
  <testcase classname="parameterization.Class2_parameter" name="test1" time="9.030"/>
  <system-out/>
</testsuite> <!-- parameterization.Class2_parameter -->
