<?xml version="1.0" encoding="UTF-8"?>
<!-- Generated by org.testng.reporters.JUnitReportReporter -->
<testsuite hostname="Hassan-Ka" failures="0" tests="1" name="parameterization.Class3_parameter" time="26.894" errors="0" timestamp="2022-11-12T14:18:50 EST" skipped="0">
  <testcase classname="parameterization.Class3_parameter" name="test1" time="26.894"/>
  <system-out/>
</testsuite> <!-- parameterization.Class3_parameter -->
