<?xml version="1.0" encoding="UTF-8"?>
<!-- Generated by org.testng.reporters.JUnitReportReporter -->
<testsuite hostname="Hassan-Ka" failures="0" tests="1" name="parameterization.Class1_parameter" time="7.896" errors="0" timestamp="2022-11-12T14:18:50 EST" skipped="0">
  <testcase classname="parameterization.Class1_parameter" name="test1" time="7.896"/>
  <system-out/>
</testsuite> <!-- parameterization.Class1_parameter -->
