<?xml version="1.0" encoding="UTF-8"?>
<!-- Generated by org.testng.reporters.JUnitReportReporter -->
<testsuite hostname="Hassan-Ka" failures="0" tests="1" name="parameterization.Target" time="12.770" errors="0" timestamp="2022-11-12T13:57:01 EST" skipped="0">
  <testcase classname="parameterization.Target" name="launchinghomepage" time="12.770"/>
  <system-out/>
</testsuite> <!-- parameterization.Target -->
