<?xml version="1.0" encoding="UTF-8"?>
<!-- Generated by org.testng.reporters.JUnitReportReporter -->
<testsuite hostname="Hassan-Ka" failures="0" tests="2" name="practice_area.Rediff_testNG" time="12.993" errors="0" timestamp="2022-11-06T09:32:29 EST" skipped="0">
  <testcase classname="practice_area.Rediff_testNG" name="lawnchingHomaPage" time="2.595"/>
  <system-out/>
  <testcase classname="practice_area.Rediff_testNG" name="loginFunction" time="10.398"/>
  <system-out/>
</testsuite> <!-- practice_area.Rediff_testNG -->
